/var/spool/slurmd/job1006453/slurm_script: line 8: conda: command not found
/scrtp/avon/eb/software/SciPy-bundle/2022.05-foss-2022a/lib/python3.10/site-packages/scipy/__init__.py:146: UserWarning: A NumPy version >=1.17.3 and <1.25.0 is required for this version of SciPy (detected version 1.26.4
  warnings.warn(f"A NumPy version >={np_minversion} and <{np_maxversion}"
run 0 cop_u 0 DONE
run 0 cop_u 0 DONE
run 0 cop_u 1 DONE
run 0 cop_u 1 DONE
run 0 cop_u 2 DONE
run 0 cop_u 2 DONE
run 0 cop_u 3 DONE
run 0 cop_u 3 DONE
run 1 cop_u 0 DONE
run 1 cop_u 0 DONE
run 1 cop_u 1 DONE
run 1 cop_u 1 DONE
run 1 cop_u 2 DONE
run 1 cop_u 2 DONE
run 1 cop_u 3 DONE
run 1 cop_u 3 DONE
run 2 cop_u 0 DONE
run 2 cop_u 0 DONE
run 2 cop_u 1 DONE
run 2 cop_u 1 DONE
run 2 cop_u 2 DONE
run 2 cop_u 2 DONE
run 2 cop_u 3 DONE
run 2 cop_u 3 DONE
run 3 cop_u 0 DONE
run 3 cop_u 0 DONE
run 3 cop_u 1 DONE
run 3 cop_u 1 DONE
run 3 cop_u 2 DONE
run 3 cop_u 2 DONE
run 3 cop_u 3 DONE
run 3 cop_u 3 DONE
run 4 cop_u 0 DONE
run 4 cop_u 0 DONE
run 4 cop_u 1 DONE
run 4 cop_u 1 DONE
run 4 cop_u 2 DONE
run 4 cop_u 2 DONE
run 4 cop_u 3 DONE
run 4 cop_u 3 DONE
run 5 cop_u 0 DONE
run 5 cop_u 0 DONE
run 5 cop_u 1 DONE
run 5 cop_u 1 DONE
run 5 cop_u 2 DONE
run 5 cop_u 2 DONE
run 5 cop_u 3 DONE
run 5 cop_u 3 DONE
run 6 cop_u 0 DONE
run 6 cop_u 0 DONE
run 6 cop_u 1 DONE
run 6 cop_u 1 DONE
run 6 cop_u 2 DONE
run 6 cop_u 2 DONE
run 6 cop_u 3 DONE
run 6 cop_u 3 DONE
run 7 cop_u 0 DONE
run 7 cop_u 0 DONE
run 7 cop_u 1 DONE
run 7 cop_u 1 DONE
run 7 cop_u 2 DONE
run 7 cop_u 2 DONE
run 7 cop_u 3 DONE
run 7 cop_u 3 DONE
run 8 cop_u 0 DONE
run 8 cop_u 0 DONE
run 8 cop_u 1 DONE
run 8 cop_u 1 DONE
run 8 cop_u 2 DONE
run 8 cop_u 2 DONE
run 8 cop_u 3 DONE
run 8 cop_u 3 DONE
run 9 cop_u 0 DONE
run 9 cop_u 0 DONE
run 9 cop_u 1 DONE
run 9 cop_u 1 DONE
run 9 cop_u 2 DONE
run 9 cop_u 2 DONE
run 9 cop_u 3 DONE
run 9 cop_u 3 DONE
run 10 cop_u 0 DONE
run 10 cop_u 0 DONE
run 10 cop_u 1 DONE
run 10 cop_u 1 DONE
run 10 cop_u 2 DONE
run 10 cop_u 2 DONE
run 10 cop_u 3 DONE
run 10 cop_u 3 DONE
run 11 cop_u 0 DONE
run 11 cop_u 0 DONE
run 11 cop_u 1 DONE
run 11 cop_u 1 DONE
run 11 cop_u 2 DONE
run 11 cop_u 2 DONE
run 11 cop_u 3 DONE
run 11 cop_u 3 DONE
run 12 cop_u 0 DONE
run 12 cop_u 0 DONE
run 12 cop_u 1 DONE
run 12 cop_u 1 DONE
run 12 cop_u 2 DONE
run 12 cop_u 2 DONE
run 12 cop_u 3 DONE
run 12 cop_u 3 DONE
run 13 cop_u 0 DONE
run 13 cop_u 0 DONE
run 13 cop_u 1 DONE
run 13 cop_u 1 DONE
run 13 cop_u 2 DONE
run 13 cop_u 2 DONE
run 13 cop_u 3 DONE
run 13 cop_u 3 DONE
run 14 cop_u 0 DONE
run 14 cop_u 0 DONE
run 14 cop_u 1 DONE
run 14 cop_u 1 DONE
run 14 cop_u 2 DONE
run 14 cop_u 2 DONE
run 14 cop_u 3 DONE
run 14 cop_u 3 DONE
run 15 cop_u 0 DONE
run 15 cop_u 0 DONE
run 15 cop_u 1 DONE
run 15 cop_u 1 DONE
run 15 cop_u 2 DONE
run 15 cop_u 2 DONE
run 15 cop_u 3 DONE
run 15 cop_u 3 DONE
run 16 cop_u 0 DONE
run 16 cop_u 0 DONE
run 16 cop_u 1 DONE
run 16 cop_u 1 DONE
run 16 cop_u 2 DONE
run 16 cop_u 2 DONE
run 16 cop_u 3 DONE
run 16 cop_u 3 DONE
run 17 cop_u 0 DONE
run 17 cop_u 0 DONE
run 17 cop_u 1 DONE
run 17 cop_u 1 DONE
run 17 cop_u 2 DONE
run 17 cop_u 2 DONE
run 17 cop_u 3 DONE
run 17 cop_u 3 DONE
run 18 cop_u 0 DONE
run 18 cop_u 0 DONE
run 18 cop_u 1 DONE
run 18 cop_u 1 DONE
run 18 cop_u 2 DONE
run 18 cop_u 2 DONE
run 18 cop_u 3 DONE
run 18 cop_u 3 DONE
run 19 cop_u 0 DONE
run 19 cop_u 0 DONE
run 19 cop_u 1 DONE
run 19 cop_u 1 DONE
run 19 cop_u 2 DONE
run 19 cop_u 2 DONE
run 19 cop_u 3 DONE
run 19 cop_u 3 DONE
run 20 cop_u 0 DONE
run 20 cop_u 0 DONE
run 20 cop_u 1 DONE
run 20 cop_u 1 DONE
run 20 cop_u 2 DONE
run 20 cop_u 2 DONE
run 20 cop_u 3 DONE
run 20 cop_u 3 DONE
run 21 cop_u 0 DONE
run 21 cop_u 0 DONE
run 21 cop_u 1 DONE
run 21 cop_u 1 DONE
run 21 cop_u 2 DONE
run 21 cop_u 2 DONE
run 21 cop_u 3 DONE
run 21 cop_u 3 DONE
run 22 cop_u 0 DONE
run 22 cop_u 0 DONE
run 22 cop_u 1 DONE
run 22 cop_u 1 DONE
run 22 cop_u 2 DONE
run 22 cop_u 2 DONE
run 22 cop_u 3 DONE
run 22 cop_u 3 DONE
run 23 cop_u 0 DONE
run 23 cop_u 0 DONE
run 23 cop_u 1 DONE
run 23 cop_u 1 DONE
run 23 cop_u 2 DONE
run 23 cop_u 2 DONE
run 23 cop_u 3 DONE
run 23 cop_u 3 DONE
run 24 cop_u 0 DONE
run 24 cop_u 0 DONE
run 24 cop_u 1 DONE
run 24 cop_u 1 DONE
run 24 cop_u 2 DONE
run 24 cop_u 2 DONE
run 24 cop_u 3 DONE
run 24 cop_u 3 DONE
Time taken: 184.27100133895874
