/var/spool/slurmd/job1006452/slurm_script: line 8: conda: command not found
/scrtp/avon/eb/software/SciPy-bundle/2022.05-foss-2022a/lib/python3.10/site-packages/scipy/__init__.py:146: UserWarning: A NumPy version >=1.17.3 and <1.25.0 is required for this version of SciPy (detected version 1.26.4
  warnings.warn(f"A NumPy version >={np_minversion} and <{np_maxversion}"
Epoch 100, normalising constant 1.006050705909729 0.0008949041366577148
Epoch 200, normalising constant 1.0064071416854858 -0.0020807981491088867
Epoch 300, normalising constant 1.0061590671539307 0.027410447597503662
Epoch 400, normalising constant 1.0058242082595825 -0.030665874481201172
Epoch 500, normalising constant 1.005507230758667 0.017822980880737305
run 0 cop_u 0 DONE 2675.3528
Epoch 100, normalising constant 0.9964721202850342 0.0014961957931518555
Epoch 200, normalising constant 0.9958655834197998 0.00018996000289916992
Epoch 300, normalising constant 0.9952757954597473 0.0007278919219970703
Epoch 400, normalising constant 0.9937362670898438 0.002445042133331299
Epoch 500, normalising constant 0.9914084672927856 0.024196386337280273
run 0 cop_u 1 DONE 1936.602
Epoch 100, normalising constant 1.0013396739959717 0.0005575418472290039
Epoch 200, normalising constant 1.0006637573242188 0.0008161664009094238
Epoch 300, normalising constant 0.9992725849151611 0.002260863780975342
Epoch 400, normalising constant 0.9973751306533813 0.0013678669929504395
Epoch 500, normalising constant 0.9956297278404236 -0.013953804969787598
run 0 cop_u 2 DONE 1615.6359
Epoch 100, normalising constant 1.0056177377700806 0.007150411605834961
Epoch 200, normalising constant 1.0054166316986084 0.07091426849365234
Epoch 300, normalising constant 1.0050616264343262 0.03608572483062744
Epoch 400, normalising constant 1.0044140815734863 0.014636695384979248
Epoch 500, normalising constant 1.0041323900222778 -0.039104461669921875
run 0 cop_u 3 DONE 1464.6183
Epoch 100, normalising constant 1.0090086460113525 -0.0003363490104675293
Epoch 200, normalising constant 1.002169132232666 -0.0038527250289916992
Epoch 300, normalising constant 0.9982529282569885 0.034661293029785156
Epoch 400, normalising constant 0.9967116713523865 0.051372528076171875
Epoch 500, normalising constant 0.9963187575340271 -0.04345744848251343
run 1 cop_u 0 DONE 1051.8716
Epoch 100, normalising constant 0.9974448084831238 9.208917617797852e-05
Epoch 200, normalising constant 0.9958520531654358 0.0040999650955200195
Epoch 300, normalising constant 0.9946377277374268 -0.030222654342651367
Epoch 400, normalising constant 0.9935954213142395 0.023494422435760498
Epoch 500, normalising constant 0.9924118518829346 0.01425546407699585
run 1 cop_u 1 DONE 1851.4077
Epoch 100, normalising constant 1.0111017227172852 0.0012649297714233398
Epoch 200, normalising constant 1.0095531940460205 0.0013703703880310059
Epoch 300, normalising constant 1.0075335502624512 0.015946269035339355
Epoch 400, normalising constant 1.0061004161834717 -0.028700590133666992
Epoch 500, normalising constant 1.0051275491714478 0.0420147180557251
run 1 cop_u 2 DONE 1613.8013
Epoch 100, normalising constant 0.9903502464294434 0.020677149295806885
Epoch 200, normalising constant 0.9871200323104858 0.059697747230529785
Epoch 300, normalising constant 0.9855600595474243 -0.010701894760131836
Epoch 400, normalising constant 0.9841523170471191 -0.04979729652404785
Epoch 500, normalising constant 0.9830144643783569 -0.03679084777832031
run 1 cop_u 3 DONE 3581.1807
Epoch 100, normalising constant 1.0021048784255981 0.002192378044128418
Epoch 200, normalising constant 1.0006216764450073 -7.492303848266602e-05
Epoch 300, normalising constant 0.9994044303894043 0.0014278888702392578
Epoch 400, normalising constant 0.9981117844581604 -0.002132415771484375
Epoch 500, normalising constant 0.9966629147529602 0.012872040271759033
run 2 cop_u 0 DONE 2244.5771
Epoch 100, normalising constant 1.0024213790893555 0.0011261701583862305
Epoch 200, normalising constant 0.9996142387390137 0.01799952983856201
Epoch 300, normalising constant 0.9962942600250244 0.040892839431762695
Epoch 400, normalising constant 0.9930824041366577 -0.03458380699157715
Epoch 500, normalising constant 0.9900877475738525 0.05244433879852295
run 2 cop_u 1 DONE 1637.6865
Epoch 100, normalising constant 1.0040078163146973 -5.745887756347656e-05
Epoch 200, normalising constant 1.0028791427612305 -0.0002014636993408203
Epoch 300, normalising constant 1.0022515058517456 -0.0017757415771484375
Epoch 400, normalising constant 1.001714825630188 -0.029618561267852783
Epoch 500, normalising constant 1.0010840892791748 -0.012496411800384521
run 2 cop_u 2 DONE 1849.0061
Epoch 100, normalising constant 1.0048325061798096 -0.0006020069122314453
Epoch 200, normalising constant 1.0022871494293213 -0.0020807981491088867
Epoch 300, normalising constant 1.0007649660110474 0.034016549587249756
Epoch 400, normalising constant 0.9996212720870972 -0.0412026047706604
Epoch 500, normalising constant 0.9986225366592407 0.003250718116760254
run 2 cop_u 3 DONE 1983.0743
Epoch 100, normalising constant 1.0126643180847168 0.0005066394805908203
Epoch 200, normalising constant 1.0082817077636719 0.017253398895263672
Epoch 300, normalising constant 1.0024844408035278 -0.003339529037475586
Epoch 400, normalising constant 0.9991773962974548 0.0014682412147521973
Epoch 500, normalising constant 0.99742192029953 0.03249359130859375
run 3 cop_u 0 DONE 792.3651
Epoch 100, normalising constant 1.0011019706726074 0.0004401206970214844
Epoch 200, normalising constant 0.9977472424507141 -0.005928695201873779
Epoch 300, normalising constant 0.996950089931488 -0.023373186588287354
Epoch 400, normalising constant 0.996651291847229 0.038469791412353516
Epoch 500, normalising constant 0.9966609477996826 -0.041220128536224365
run 3 cop_u 1 DONE 2218.7502
Epoch 100, normalising constant 1.0009804964065552 -4.8279762268066406e-05
Epoch 200, normalising constant 1.0012731552124023 0.000614464282989502
Epoch 300, normalising constant 0.9997788071632385 -0.01651930809020996
Epoch 400, normalising constant 0.9972826242446899 0.03699702024459839
Epoch 500, normalising constant 0.9952981472015381 -0.025478065013885498
run 3 cop_u 2 DONE 1786.8262
Epoch 100, normalising constant 0.9924281239509583 0.0063037872314453125
Epoch 200, normalising constant 0.9911521077156067 0.01150733232498169
Epoch 300, normalising constant 0.9908179640769958 0.017032086849212646
Epoch 400, normalising constant 0.9906253814697266 0.04026651382446289
Epoch 500, normalising constant 0.9904634356498718 9.071826934814453e-05
run 3 cop_u 3 DONE 4714.2437
Epoch 100, normalising constant 1.0009640455245972 1.901388168334961e-05
Epoch 200, normalising constant 0.9999752640724182 0.0006746649742126465
Epoch 300, normalising constant 0.9976556301116943 0.029217779636383057
Epoch 400, normalising constant 0.9959149360656738 -0.03222912549972534
Epoch 500, normalising constant 0.9945085644721985 0.04038441181182861
run 4 cop_u 0 DONE 2202.859
Epoch 100, normalising constant 0.9982919692993164 -0.00036400556564331055
Epoch 200, normalising constant 0.9988121390342712 -0.00014036893844604492
Epoch 300, normalising constant 0.9989293217658997 -0.0004025697708129883
Epoch 400, normalising constant 0.9987030625343323 0.004063963890075684
Epoch 500, normalising constant 0.998234212398529 0.00747448205947876
run 4 cop_u 1 DONE 2052.616
Epoch 100, normalising constant 1.0012348890304565 -0.00010097026824951172
Epoch 200, normalising constant 1.0000593662261963 0.00043845176696777344
Epoch 300, normalising constant 0.9989182353019714 0.0007914900779724121
Epoch 400, normalising constant 0.9973968863487244 0.020172476768493652
Epoch 500, normalising constant 0.9958860874176025 -0.0058939456939697266
run 4 cop_u 2 DONE 1720.6937
Epoch 100, normalising constant 0.9952051043510437 -0.00017368793487548828
Epoch 200, normalising constant 0.9912194013595581 0.023758411407470703
Epoch 300, normalising constant 0.9900864362716675 0.007207930088043213
Epoch 400, normalising constant 0.9892193675041199 -0.011679351329803467
Epoch 500, normalising constant 0.988684892654419 -0.018155038356781006
run 4 cop_u 3 DONE 4745.168
Epoch 100, normalising constant 1.009598731994629 0.00027555227279663086
Epoch 200, normalising constant 1.0078233480453491 0.0002543926239013672
Epoch 300, normalising constant 1.004215955734253 0.004574596881866455
Epoch 400, normalising constant 1.0017566680908203 -0.03490173816680908
Epoch 500, normalising constant 1.0005022287368774 -0.008698642253875732
run 5 cop_u 0 DONE 1159.5642
Epoch 100, normalising constant 1.0113706588745117 0.0002593994140625
Epoch 200, normalising constant 1.008130669593811 -0.005045056343078613
Epoch 300, normalising constant 1.006589651107788 0.01966923475265503
Epoch 400, normalising constant 1.0047706365585327 0.029509782791137695
Epoch 500, normalising constant 1.0027546882629395 0.018954992294311523
run 5 cop_u 1 DONE 1845.9049
Epoch 100, normalising constant 1.0048431158065796 0.001185595989227295
Epoch 200, normalising constant 1.0027544498443604 0.0011301040649414062
Epoch 300, normalising constant 1.0003423690795898 0.0012648701667785645
Epoch 400, normalising constant 0.9976825714111328 -0.024450957775115967
Epoch 500, normalising constant 0.9957719445228577 0.04013031721115112
run 5 cop_u 2 DONE 1362.327
Epoch 100, normalising constant 1.0127352476119995 0.014574408531188965
Epoch 200, normalising constant 1.0122625827789307 0.019370079040527344
Epoch 300, normalising constant 1.011971116065979 -0.012520909309387207
Epoch 400, normalising constant 1.011677622795105 0.025266587734222412
Epoch 500, normalising constant 1.0113316774368286 -0.04483950138092041
run 5 cop_u 3 DONE 3879.166
Epoch 100, normalising constant 1.0119833946228027 0.0005930066108703613
Epoch 200, normalising constant 1.003822922706604 -0.03280287981033325
Epoch 300, normalising constant 0.999388575553894 -0.028847694396972656
Epoch 400, normalising constant 0.9965792894363403 0.02051067352294922
Epoch 500, normalising constant 0.9941093921661377 0.03554195165634155
run 6 cop_u 0 DONE 2128.2183
Epoch 100, normalising constant 1.002111792564392 0.0016411542892456055
Epoch 200, normalising constant 0.9990143179893494 0.0012494325637817383
Epoch 300, normalising constant 0.996873140335083 -0.01567542552947998
Epoch 400, normalising constant 0.9938836693763733 0.015053629875183105
Epoch 500, normalising constant 0.9910878539085388 -0.023232996463775635
run 6 cop_u 1 DONE 2158.2295
Epoch 100, normalising constant 1.003273844718933 0.0010579228401184082
Epoch 200, normalising constant 1.0019670724868774 0.000298917293548584
Epoch 300, normalising constant 0.9996211528778076 -0.028625905513763428
Epoch 400, normalising constant 0.998273491859436 0.018633544445037842
Epoch 500, normalising constant 0.9975621700286865 0.02907252311706543
run 6 cop_u 2 DONE 1619.0079
Epoch 100, normalising constant 1.0086208581924438 0.0011928081512451172
Epoch 200, normalising constant 1.0072791576385498 0.003377199172973633
Epoch 300, normalising constant 1.0088109970092773 0.009385168552398682
Epoch 400, normalising constant 1.0098779201507568 -0.019629299640655518
Epoch 500, normalising constant 1.0105862617492676 -0.0104522705078125
run 6 cop_u 3 DONE 2065.7998
Epoch 100, normalising constant 1.0102880001068115 0.0016403794288635254
Epoch 200, normalising constant 1.0013792514801025 -0.03176987171173096
Epoch 300, normalising constant 0.9955498576164246 0.02327662706375122
Epoch 400, normalising constant 0.9922975897789001 -0.009631454944610596
Epoch 500, normalising constant 0.9904403686523438 -0.031565189361572266
run 7 cop_u 0 DONE 3534.6245
Epoch 100, normalising constant 0.9998617172241211 0.0006082057952880859
Epoch 200, normalising constant 0.9953719973564148 -0.014835953712463379
Epoch 300, normalising constant 0.9921807050704956 -0.026350438594818115
Epoch 400, normalising constant 0.9901770949363708 0.008681416511535645
Epoch 500, normalising constant 0.9885469079017639 0.034823060035705566
run 7 cop_u 1 DONE 1875.5975
Epoch 100, normalising constant 1.0211063623428345 -0.00011450052261352539
Epoch 200, normalising constant 1.018507480621338 -0.013612508773803711
Epoch 300, normalising constant 1.0138510465621948 0.006350040435791016
Epoch 400, normalising constant 1.010320782661438 0.04160964488983154
Epoch 500, normalising constant 1.0082755088806152 -0.027814090251922607
run 7 cop_u 2 DONE 1901.4204
Epoch 100, normalising constant 1.0031888484954834 -0.0010793209075927734
Epoch 200, normalising constant 1.001865267753601 -0.0011115074157714844
Epoch 300, normalising constant 1.0000083446502686 0.011199593544006348
Epoch 400, normalising constant 0.998502790927887 0.018213331699371338
Epoch 500, normalising constant 0.9970815777778625 -0.03415834903717041
run 7 cop_u 3 DONE 890.41
Epoch 100, normalising constant 1.0010342597961426 0.0009108781814575195
Epoch 200, normalising constant 0.9976304769515991 0.0005782842636108398
Epoch 300, normalising constant 0.9941210746765137 0.0027663111686706543
Epoch 400, normalising constant 0.9921876788139343 -0.021305620670318604
Epoch 500, normalising constant 0.9904491901397705 -0.034146130084991455
run 8 cop_u 0 DONE 2309.4941
Epoch 100, normalising constant 0.994792640209198 -0.0004969239234924316
Epoch 200, normalising constant 0.9943205118179321 -1.8894672393798828e-05
Epoch 300, normalising constant 0.993650496006012 -0.002869129180908203
Epoch 400, normalising constant 0.9927118420600891 -0.01846104860305786
Epoch 500, normalising constant 0.9918085336685181 -0.03317826986312866
run 8 cop_u 1 DONE 2229.059
Epoch 100, normalising constant 1.0205283164978027 -0.0006638765335083008
Epoch 200, normalising constant 1.0174461603164673 0.007047474384307861
Epoch 300, normalising constant 1.0139150619506836 1.9609928131103516e-05
Epoch 400, normalising constant 1.0110352039337158 -0.015107929706573486
Epoch 500, normalising constant 1.0085784196853638 0.01769542694091797
run 8 cop_u 2 DONE 1721.6525
Epoch 100, normalising constant 1.0009920597076416 0.0012255311012268066
Epoch 200, normalising constant 1.0003383159637451 0.01773059368133545
Epoch 300, normalising constant 0.9995308518409729 0.006505727767944336
Epoch 400, normalising constant 0.9988413453102112 0.031988322734832764
Epoch 500, normalising constant 0.9984219670295715 0.03313630819320679
run 8 cop_u 3 DONE 2700.6177
Epoch 100, normalising constant 0.9882010817527771 0.003230154514312744
Epoch 200, normalising constant 0.9755315184593201 -0.008916735649108887
Epoch 300, normalising constant 0.9739333987236023 -0.03510516881942749
Epoch 400, normalising constant 0.9732087254524231 -0.03593236207962036
Epoch 500, normalising constant 0.9727792143821716 0.046893537044525146
run 9 cop_u 0 DONE 1445.9617
Epoch 100, normalising constant 1.0022400617599487 -8.565187454223633e-05
Epoch 200, normalising constant 1.0011250972747803 0.0001354217529296875
Epoch 300, normalising constant 1.000523567199707 0.0001830458641052246
Epoch 400, normalising constant 0.9993891716003418 -0.004798471927642822
Epoch 500, normalising constant 0.9979772567749023 0.02361053228378296
run 9 cop_u 1 DONE 1805.7656
Epoch 100, normalising constant 1.0152015686035156 0.0003833770751953125
Epoch 200, normalising constant 1.0083062648773193 -0.012745320796966553
Epoch 300, normalising constant 1.003404140472412 0.007661044597625732
Epoch 400, normalising constant 1.0008981227874756 -0.039870262145996094
Epoch 500, normalising constant 0.9991499185562134 -0.03814411163330078
run 9 cop_u 2 DONE 1860.6182
Epoch 100, normalising constant 0.9956287741661072 0.001246809959411621
Epoch 200, normalising constant 0.9936933517456055 0.0004957318305969238
Epoch 300, normalising constant 0.9924675822257996 0.0029584169387817383
Epoch 400, normalising constant 0.9914705157279968 0.010814070701599121
Epoch 500, normalising constant 0.9905211329460144 0.010679304599761963
run 9 cop_u 3 DONE 3215.9883
Epoch 100, normalising constant 1.007308840751648 -0.00030791759490966797
Epoch 200, normalising constant 1.0069438219070435 -0.00030982494354248047
Epoch 300, normalising constant 1.0059460401535034 -0.00035440921783447266
Epoch 400, normalising constant 1.0045835971832275 -0.006242275238037109
Epoch 500, normalising constant 1.003830909729004 -0.033608853816986084
run 10 cop_u 0 DONE 2221.1853
Epoch 100, normalising constant 0.9961374402046204 0.001880347728729248
Epoch 200, normalising constant 0.9921655058860779 0.0008746981620788574
Epoch 300, normalising constant 0.9893854260444641 0.018813252449035645
Epoch 400, normalising constant 0.9875142574310303 -0.02163153886795044
Epoch 500, normalising constant 0.9866539835929871 -0.0037974119186401367
run 10 cop_u 1 DONE 2301.7332
Epoch 100, normalising constant 1.0059419870376587 0.0004010796546936035
Epoch 200, normalising constant 1.0052926540374756 7.009506225585938e-05
Epoch 300, normalising constant 1.0043731927871704 -0.010176539421081543
Epoch 400, normalising constant 1.003586769104004 -0.008519411087036133
Epoch 500, normalising constant 1.0029650926589966 -0.03705096244812012
run 10 cop_u 2 DONE 1789.8801
Epoch 100, normalising constant 1.01119065284729 -0.003493666648864746
Epoch 200, normalising constant 1.0117840766906738 -0.00034624338150024414
Epoch 300, normalising constant 1.0111287832260132 0.01187068223953247
Epoch 400, normalising constant 1.0106942653656006 0.008677184581756592
Epoch 500, normalising constant 1.0103777647018433 -0.02014636993408203
run 10 cop_u 3 DONE 4238.1206
Epoch 100, normalising constant 1.0039482116699219 0.0005257725715637207
Epoch 200, normalising constant 1.0039803981781006 0.00021755695343017578
Epoch 300, normalising constant 1.0035383701324463 -0.0004636049270629883
Epoch 400, normalising constant 1.0028531551361084 0.034469783306121826
Epoch 500, normalising constant 1.0026342868804932 0.030330538749694824
run 11 cop_u 0 DONE 783.8984
Epoch 100, normalising constant 1.0053772926330566 0.0006899237632751465
Epoch 200, normalising constant 1.0032637119293213 0.0008789300918579102
Epoch 300, normalising constant 1.001107096672058 -0.014372527599334717
Epoch 400, normalising constant 0.9989005923271179 -0.013272404670715332
Epoch 500, normalising constant 0.9968658089637756 -0.020444095134735107
run 11 cop_u 1 DONE 2127.1223
Epoch 100, normalising constant 1.007718563079834 -0.00034880638122558594
Epoch 200, normalising constant 1.005459189414978 0.000581204891204834
Epoch 300, normalising constant 1.0008995532989502 -0.0033211112022399902
Epoch 400, normalising constant 0.998524010181427 -0.013552248477935791
Epoch 500, normalising constant 0.9980705380439758 -0.042680442333221436
run 11 cop_u 2 DONE 1891.7772
Epoch 100, normalising constant 0.9964812994003296 -0.03353160619735718
Epoch 200, normalising constant 0.9952170252799988 0.004037022590637207
Epoch 300, normalising constant 0.9946476817131042 -0.008065581321716309
Epoch 400, normalising constant 0.9950804114341736 0.036627769470214844
Epoch 500, normalising constant 0.9959070682525635 -0.02509218454360962
run 11 cop_u 3 DONE 1655.3549
Epoch 100, normalising constant 1.0078203678131104 -0.00011903047561645508
Epoch 200, normalising constant 1.005287766456604 -0.002301931381225586
Epoch 300, normalising constant 1.0026723146438599 -0.04008740186691284
Epoch 400, normalising constant 1.0005824565887451 0.01077502965927124
Epoch 500, normalising constant 0.9990559220314026 -0.002400338649749756
run 12 cop_u 0 DONE 1930.1094
Epoch 100, normalising constant 0.9878026843070984 0.021406590938568115
Epoch 200, normalising constant 0.9860694408416748 -0.018567919731140137
Epoch 300, normalising constant 0.9837315678596497 -0.012330234050750732
Epoch 400, normalising constant 0.9816559553146362 -0.035378992557525635
Epoch 500, normalising constant 0.9799987077713013 -0.04566991329193115
run 12 cop_u 1 DONE 2165.1426
Epoch 100, normalising constant 1.0061031579971313 -3.2782554626464844e-06
Epoch 200, normalising constant 1.003793478012085 -0.017566323280334473
Epoch 300, normalising constant 1.0011425018310547 0.02569448947906494
Epoch 400, normalising constant 0.9994898438453674 -0.04458397626876831
Epoch 500, normalising constant 0.9981709718704224 -0.007025599479675293
run 12 cop_u 2 DONE 1655.4595
Epoch 100, normalising constant 1.0027916431427002 0.00023788213729858398
Epoch 200, normalising constant 1.0019148588180542 0.001887202262878418
Epoch 300, normalising constant 1.000839114189148 0.002558767795562744
Epoch 400, normalising constant 1.0001329183578491 -0.02818208932876587
Epoch 500, normalising constant 0.9993117451667786 0.0032323598861694336
run 12 cop_u 3 DONE 1944.4415
Epoch 100, normalising constant 1.0038758516311646 -0.0007318258285522461
Epoch 200, normalising constant 1.0020997524261475 0.0011073946952819824
Epoch 300, normalising constant 0.9988182187080383 0.01685100793838501
Epoch 400, normalising constant 0.9951602816581726 0.01584571599960327
Epoch 500, normalising constant 0.991656482219696 0.022584855556488037
run 13 cop_u 0 DONE 2323.2485
Epoch 100, normalising constant 1.0077030658721924 0.0013760924339294434
Epoch 200, normalising constant 1.0048933029174805 -0.0001818537712097168
Epoch 300, normalising constant 1.0031205415725708 0.0005993843078613281
Epoch 400, normalising constant 1.0015379190444946 0.009716331958770752
Epoch 500, normalising constant 1.0007743835449219 -0.040049850940704346
run 13 cop_u 1 DONE 2327.0518
Epoch 100, normalising constant 1.0019925832748413 0.00025707483291625977
Epoch 200, normalising constant 1.0008903741836548 0.0050511956214904785
Epoch 300, normalising constant 1.000052809715271 0.0013973116874694824
Epoch 400, normalising constant 0.998938798904419 0.011194169521331787
Epoch 500, normalising constant 0.9978724122047424 -0.02897411584854126
run 13 cop_u 2 DONE 1808.2975
Epoch 100, normalising constant 1.0126457214355469 -0.024639368057250977
Epoch 200, normalising constant 1.011791706085205 -0.018107116222381592
Epoch 300, normalising constant 1.010859727859497 -0.0019544363021850586
Epoch 400, normalising constant 1.0101230144500732 0.03276485204696655
Epoch 500, normalising constant 1.0097112655639648 -0.04297375679016113
run 13 cop_u 3 DONE 3790.6692
Epoch 100, normalising constant 1.0156679153442383 0.0004940629005432129
Epoch 200, normalising constant 1.0113694667816162 -0.01304173469543457
Epoch 300, normalising constant 1.0067933797836304 -0.031014740467071533
Epoch 400, normalising constant 1.0033361911773682 0.0420149564743042
Epoch 500, normalising constant 1.0014935731887817 0.0183141827583313
run 14 cop_u 0 DONE 1620.0618
Epoch 100, normalising constant 1.0009572505950928 -0.0005732178688049316
Epoch 200, normalising constant 1.0009818077087402 0.008225202560424805
Epoch 300, normalising constant 0.9986060261726379 0.031804025173187256
Epoch 400, normalising constant 0.9969406127929688 -0.012726962566375732
Epoch 500, normalising constant 0.9960598349571228 -0.043489038944244385
run 14 cop_u 1 DONE 2220.3213
Epoch 100, normalising constant 0.9989317655563354 0.0003267526626586914
Epoch 200, normalising constant 0.9980090260505676 -0.008796513080596924
Epoch 300, normalising constant 0.9957315921783447 -0.0036156773567199707
Epoch 400, normalising constant 0.9932404160499573 0.04371923208236694
Epoch 500, normalising constant 0.9920305609703064 -0.05141305923461914
run 14 cop_u 2 DONE 2142.52
Epoch 100, normalising constant 1.0030909776687622 0.00045043230056762695
Epoch 200, normalising constant 1.0019713640213013 0.019327402114868164
Epoch 300, normalising constant 1.0015497207641602 0.01931089162826538
Epoch 400, normalising constant 1.002185344696045 -0.037491023540496826
Epoch 500, normalising constant 1.0030771493911743 -0.04802882671356201
run 14 cop_u 3 DONE 628.1217
Epoch 100, normalising constant 1.0053421258926392 0.0007139444351196289
Epoch 200, normalising constant 1.00218665599823 0.002209782600402832
Epoch 300, normalising constant 0.9989162683486938 0.005432486534118652
Epoch 400, normalising constant 0.9968641996383667 -0.0107230544090271
Epoch 500, normalising constant 0.9948146343231201 0.04315900802612305
run 15 cop_u 0 DONE 1030.3468
Epoch 100, normalising constant 1.0103243589401245 0.0004875063896179199
Epoch 200, normalising constant 1.0076630115509033 -0.026829540729522705
Epoch 300, normalising constant 1.0062615871429443 -0.007629275321960449
Epoch 400, normalising constant 1.0055408477783203 -0.03814035654067993
Epoch 500, normalising constant 1.005069375038147 0.013010382652282715
run 15 cop_u 1 DONE 1774.6869
Epoch 100, normalising constant 1.0062830448150635 0.000745236873626709
Epoch 200, normalising constant 1.004569411277771 0.001146852970123291
Epoch 300, normalising constant 1.0029646158218384 0.0010418295860290527
Epoch 400, normalising constant 1.001186728477478 -0.01729261875152588
Epoch 500, normalising constant 0.9991550445556641 0.03596806526184082
run 15 cop_u 2 DONE 1594.2562
Epoch 100, normalising constant 1.0092124938964844 -0.00017088651657104492
Epoch 200, normalising constant 1.0085618495941162 0.010281264781951904
Epoch 300, normalising constant 1.0073381662368774 0.03525519371032715
Epoch 400, normalising constant 1.0063776969909668 0.012959480285644531
Epoch 500, normalising constant 1.0059608221054077 -0.03011023998260498
run 15 cop_u 3 DONE 4389.3916
Epoch 100, normalising constant 1.0147258043289185 -0.00026047229766845703
Epoch 200, normalising constant 1.0128437280654907 -0.006400644779205322
Epoch 300, normalising constant 1.00958251953125 0.020736753940582275
Epoch 400, normalising constant 1.0075745582580566 0.0180395245552063
Epoch 500, normalising constant 1.0067116022109985 -0.0006715059280395508
run 16 cop_u 0 DONE 996.59705
Epoch 100, normalising constant 1.005873203277588 0.0004966855049133301
Epoch 200, normalising constant 1.0059746503829956 0.00036156177520751953
Epoch 300, normalising constant 1.0056989192962646 0.0031456947326660156
Epoch 400, normalising constant 1.005631923675537 -0.006744027137756348
Epoch 500, normalising constant 1.0056074857711792 -0.021978318691253662
run 16 cop_u 1 DONE 2013.5999
Epoch 100, normalising constant 1.0264590978622437 -0.0011616349220275879
Epoch 200, normalising constant 1.023815631866455 0.00046437978744506836
Epoch 300, normalising constant 1.0192408561706543 -0.026294291019439697
Epoch 400, normalising constant 1.0151103734970093 -0.013589978218078613
Epoch 500, normalising constant 1.0119255781173706 -0.03813350200653076
run 16 cop_u 2 DONE 1863.2661
Epoch 100, normalising constant 1.0020264387130737 0.00229567289352417
Epoch 200, normalising constant 1.0003941059112549 0.001426100730895996
Epoch 300, normalising constant 0.9979017376899719 0.005828738212585449
Epoch 400, normalising constant 0.9961236715316772 0.03309434652328491
Epoch 500, normalising constant 0.9940937757492065 -0.00737994909286499
run 16 cop_u 3 DONE 168.29233
Epoch 100, normalising constant 1.0201706886291504 0.00035756826400756836
Epoch 200, normalising constant 1.0184237957000732 6.633996963500977e-05
Epoch 300, normalising constant 1.0172185897827148 -0.02509099245071411
Epoch 400, normalising constant 1.0161399841308594 -0.0031188130378723145
Epoch 500, normalising constant 1.0151629447937012 -0.029349148273468018
run 17 cop_u 0 DONE 4842.2637
Epoch 100, normalising constant 1.0161588191986084 -0.00014668703079223633
Epoch 200, normalising constant 1.0145889520645142 0.018594801425933838
Epoch 300, normalising constant 1.0119527578353882 0.001151740550994873
Epoch 400, normalising constant 1.0097359418869019 -0.0017904043197631836
Epoch 500, normalising constant 1.0077921152114868 0.03833329677581787
run 17 cop_u 1 DONE 1780.5195
Epoch 100, normalising constant 1.0059599876403809 -0.00020068883895874023
Epoch 200, normalising constant 1.005744457244873 0.0006196498870849609
Epoch 300, normalising constant 1.0048425197601318 0.0001341700553894043
Epoch 400, normalising constant 1.0029840469360352 -0.00562441349029541
Epoch 500, normalising constant 1.0010828971862793 -0.0037513375282287598
run 17 cop_u 2 DONE 1753.8022
Epoch 100, normalising constant 0.997933566570282 0.002074003219604492
Epoch 200, normalising constant 0.9932403564453125 0.026342332363128662
Epoch 300, normalising constant 0.9917894005775452 -0.006979584693908691
Epoch 400, normalising constant 0.9916128516197205 0.03365182876586914
Epoch 500, normalising constant 0.9918060898780823 0.040095746517181396
run 17 cop_u 3 DONE 2363.6477
Epoch 100, normalising constant 1.0124998092651367 0.00040149688720703125
Epoch 200, normalising constant 1.011060357093811 0.0010309219360351562
Epoch 300, normalising constant 1.0098905563354492 0.0009023547172546387
Epoch 400, normalising constant 1.0084383487701416 0.016115248203277588
Epoch 500, normalising constant 1.0071264505386353 0.010452330112457275
run 18 cop_u 0 DONE 2553.4414
Epoch 100, normalising constant 1.0175063610076904 -0.0003433823585510254
Epoch 200, normalising constant 1.017164707183838 0.03050363063812256
Epoch 300, normalising constant 1.0165411233901978 -0.028513073921203613
Epoch 400, normalising constant 1.015583872795105 -0.02534186840057373
Epoch 500, normalising constant 1.0149972438812256 -0.021435916423797607
run 18 cop_u 1 DONE 2165.0044
Epoch 100, normalising constant 0.9926460385322571 0.0016837716102600098
Epoch 200, normalising constant 0.9894353151321411 -0.004300534725189209
Epoch 300, normalising constant 0.9879760146141052 -0.014014601707458496
Epoch 400, normalising constant 0.9868676662445068 -0.019565820693969727
Epoch 500, normalising constant 0.985721230506897 0.014882683753967285
run 18 cop_u 2 DONE 1590.1003
Epoch 100, normalising constant 1.0132811069488525 -0.00032138824462890625
Epoch 200, normalising constant 1.0127506256103516 0.00014919042587280273
Epoch 300, normalising constant 1.012734293937683 0.01658385992050171
Epoch 400, normalising constant 1.0126301050186157 -0.028004348278045654
Epoch 500, normalising constant 1.012398600578308 0.023736953735351562
run 18 cop_u 3 DONE 4711.54
Epoch 100, normalising constant 1.005910873413086 0.00042361021041870117
Epoch 200, normalising constant 1.0037791728973389 -9.733438491821289e-05
Epoch 300, normalising constant 1.0003610849380493 -0.012695014476776123
Epoch 400, normalising constant 0.9983236789703369 0.011376500129699707
Epoch 500, normalising constant 0.9977284073829651 -0.05110079050064087
run 19 cop_u 0 DONE 1176.6061
Epoch 100, normalising constant 1.015688419342041 -3.123283386230469e-05
Epoch 200, normalising constant 1.0152864456176758 0.009859621524810791
Epoch 300, normalising constant 1.014155626296997 0.01243746280670166
Epoch 400, normalising constant 1.0126276016235352 0.02328699827194214
Epoch 500, normalising constant 1.0113893747329712 0.017138302326202393
run 19 cop_u 1 DONE 1909.7856
Epoch 100, normalising constant 1.0100654363632202 -0.0006127357482910156
Epoch 200, normalising constant 1.0104584693908691 -0.0029723644256591797
Epoch 300, normalising constant 1.0099788904190063 -0.021697640419006348
Epoch 400, normalising constant 1.0096806287765503 -0.00105971097946167
Epoch 500, normalising constant 1.0099095106124878 -0.03086698055267334
run 19 cop_u 2 DONE 1906.7308
Epoch 100, normalising constant 1.0180268287658691 -0.001281142234802246
Epoch 200, normalising constant 1.0169284343719482 0.0012611150741577148
Epoch 300, normalising constant 1.015622854232788 0.0017058253288269043
Epoch 400, normalising constant 1.0140241384506226 0.013544142246246338
Epoch 500, normalising constant 1.0125759840011597 0.026556015014648438
run 19 cop_u 3 DONE 2474.3296
Epoch 100, normalising constant 0.9991826415061951 0.0015712380409240723
Epoch 200, normalising constant 0.9961991906166077 0.0013800263404846191
Epoch 300, normalising constant 0.9934054017066956 -0.0009577274322509766
Epoch 400, normalising constant 0.992733359336853 -0.02321702241897583
Epoch 500, normalising constant 0.9911225438117981 -0.021609842777252197
run 20 cop_u 0 DONE 1025.0803
Epoch 100, normalising constant 1.0069752931594849 -0.00027179718017578125
Epoch 200, normalising constant 1.0069808959960938 0.0010492205619812012
Epoch 300, normalising constant 1.0069410800933838 -0.00719296932220459
Epoch 400, normalising constant 1.0066646337509155 -0.005816280841827393
Epoch 500, normalising constant 1.006026268005371 0.032021164894104004
run 20 cop_u 1 DONE 1769.9631
Epoch 100, normalising constant 1.0169892311096191 -0.00017321109771728516
Epoch 200, normalising constant 1.0152583122253418 0.0032587647438049316
Epoch 300, normalising constant 1.012015461921692 0.0011075139045715332
Epoch 400, normalising constant 1.0088002681732178 0.015024840831756592
Epoch 500, normalising constant 1.0062031745910645 0.04486292600631714
run 20 cop_u 2 DONE 1533.0731
Epoch 100, normalising constant 0.9950113296508789 0.001230478286743164
Epoch 200, normalising constant 0.9921671152114868 0.019523978233337402
Epoch 300, normalising constant 0.9913215041160583 -0.04244375228881836
Epoch 400, normalising constant 0.9909276366233826 0.0431370735168457
Epoch 500, normalising constant 0.990951418876648 0.0007944107055664062
run 20 cop_u 3 DONE 1983.4347
Epoch 100, normalising constant 1.0091487169265747 -0.0002518892288208008
Epoch 200, normalising constant 1.0075464248657227 0.0006158351898193359
Epoch 300, normalising constant 1.0044043064117432 0.0020012259483337402
Epoch 400, normalising constant 1.000390887260437 -0.0004455447196960449
Epoch 500, normalising constant 0.9965674877166748 -0.026523888111114502
run 21 cop_u 0 DONE 2430.0435
Epoch 100, normalising constant 0.9930888414382935 0.0002930164337158203
Epoch 200, normalising constant 0.9919253587722778 -0.0004684925079345703
Epoch 300, normalising constant 0.9900200963020325 0.0007467269897460938
Epoch 400, normalising constant 0.9877829551696777 -0.012408077716827393
Epoch 500, normalising constant 0.9856930375099182 -0.016639530658721924
run 21 cop_u 1 DONE 2351.9756
Epoch 100, normalising constant 0.9949144124984741 0.001049339771270752
Epoch 200, normalising constant 0.9890075325965881 -0.0006738901138305664
Epoch 300, normalising constant 0.9853659868240356 -0.01926332712173462
Epoch 400, normalising constant 0.9833034873008728 -0.04283565282821655
Epoch 500, normalising constant 0.9820547103881836 0.01588118076324463
run 21 cop_u 2 DONE 1655.0072
Epoch 100, normalising constant 1.0050266981124878 0.00034821033477783203
Epoch 200, normalising constant 1.0042822360992432 0.0006518959999084473
Epoch 300, normalising constant 1.00375235080719 0.006565392017364502
Epoch 400, normalising constant 1.0028345584869385 -0.007892847061157227
Epoch 500, normalising constant 1.0019519329071045 0.04279458522796631
run 21 cop_u 3 DONE 46.912594
Epoch 100, normalising constant 0.9955978989601135 -0.0023871660232543945
Epoch 200, normalising constant 0.9957708120346069 0.0005956888198852539
Epoch 300, normalising constant 0.9955080151557922 -0.015272438526153564
Epoch 400, normalising constant 0.9952592253684998 0.015418529510498047
Epoch 500, normalising constant 0.9949801564216614 0.0026285648345947266
run 22 cop_u 0 DONE 4196.8105
Epoch 100, normalising constant 1.00629723072052 -0.000801384449005127
Epoch 200, normalising constant 1.0064641237258911 9.5367431640625e-07
Epoch 300, normalising constant 1.0059820413589478 -0.00037795305252075195
Epoch 400, normalising constant 1.004801869392395 -0.012590229511260986
Epoch 500, normalising constant 1.0033249855041504 -0.038195133209228516
run 22 cop_u 1 DONE 2278.4238
Epoch 100, normalising constant 1.0055292844772339 -0.0008065104484558105
Epoch 200, normalising constant 1.0062330961227417 0.00116807222366333
Epoch 300, normalising constant 1.005899429321289 0.0015780925750732422
Epoch 400, normalising constant 1.0054574012756348 0.023506224155426025
Epoch 500, normalising constant 1.0050171613693237 -0.02386397123336792
run 22 cop_u 2 DONE 1842.1526
Epoch 100, normalising constant 1.0037845373153687 -0.0017932653427124023
Epoch 200, normalising constant 1.0025577545166016 -0.029037952423095703
Epoch 300, normalising constant 1.0011718273162842 -0.07447123527526855
Epoch 400, normalising constant 0.999843180179596 0.015554487705230713
Epoch 500, normalising constant 0.9988230466842651 -0.013641655445098877
run 22 cop_u 3 DONE 5593.611
Epoch 100, normalising constant 1.0102269649505615 -0.0005593299865722656
Epoch 200, normalising constant 1.0109199285507202 -0.0009943246841430664
Epoch 300, normalising constant 1.0100057125091553 -0.014210104942321777
Epoch 400, normalising constant 1.0082104206085205 0.0226019024848938
Epoch 500, normalising constant 1.0061222314834595 -0.012459039688110352
run 23 cop_u 0 DONE 4803.163
Epoch 100, normalising constant 1.0059213638305664 0.00110703706741333
Epoch 200, normalising constant 1.0055116415023804 0.0004087686538696289
Epoch 300, normalising constant 1.0048104524612427 0.004044234752655029
Epoch 400, normalising constant 1.004037618637085 0.029803037643432617
Epoch 500, normalising constant 1.0033353567123413 -0.041144490242004395
run 23 cop_u 1 DONE 2243.8271
Epoch 100, normalising constant 1.0053520202636719 0.0004165768623352051
Epoch 200, normalising constant 1.0016423463821411 0.013906359672546387
Epoch 300, normalising constant 0.9975463151931763 0.0038270950317382812
Epoch 400, normalising constant 0.9951915740966797 -0.037442922592163086
Epoch 500, normalising constant 0.9936001300811768 0.024525701999664307
run 23 cop_u 2 DONE 1366.1307
Epoch 100, normalising constant 1.0122523307800293 0.001509547233581543
Epoch 200, normalising constant 1.009375810623169 -0.01560598611831665
Epoch 300, normalising constant 1.007904291152954 0.005132317543029785
Epoch 400, normalising constant 1.0072379112243652 0.02842181921005249
Epoch 500, normalising constant 1.0067692995071411 -0.004797220230102539
run 23 cop_u 3 DONE 3792.2507
Epoch 100, normalising constant 1.0002533197402954 0.0006331801414489746
Epoch 200, normalising constant 0.998089075088501 0.0007351040840148926
Epoch 300, normalising constant 0.9980366230010986 -0.023751795291900635
Epoch 400, normalising constant 0.9980918765068054 -0.04655426740646362
Epoch 500, normalising constant 0.9981492161750793 -0.018623828887939453
run 24 cop_u 0 DONE 560.9497
Epoch 100, normalising constant 1.0145654678344727 0.0005632638931274414
Epoch 200, normalising constant 1.010878086090088 0.00020748376846313477
Epoch 300, normalising constant 1.008959412574768 -0.01303398609161377
Epoch 400, normalising constant 1.0077235698699951 0.00021082162857055664
Epoch 500, normalising constant 1.0064120292663574 0.03152334690093994
run 24 cop_u 1 DONE 1857.9534
Epoch 100, normalising constant 1.0033130645751953 0.0009206533432006836
Epoch 200, normalising constant 1.0026715993881226 0.00022596120834350586
Epoch 300, normalising constant 1.0016225576400757 0.0010118484497070312
Epoch 400, normalising constant 1.0006071329116821 0.007315993309020996
Epoch 500, normalising constant 0.9993414282798767 0.0209236741065979
run 24 cop_u 2 DONE 1535.1145
Epoch 100, normalising constant 1.0049538612365723 0.0012798905372619629
Epoch 200, normalising constant 1.0040098428726196 0.007773041725158691
Epoch 300, normalising constant 1.003166675567627 -0.013311445713043213
Epoch 400, normalising constant 1.002001166343689 0.03838157653808594
Epoch 500, normalising constant 1.0012292861938477 -0.03264009952545166
run 24 cop_u 3 DONE 4978.3496
Time taken: 947.7828574180603
